0 info it worked if it ends with ok
1 verbose cli [ '/usr/local/bin/node', '/usr/local/bin/npm', 'run', 'compile' ]
2 info using npm@3.9.5
3 info using node@v6.2.2
4 verbose run-script [ 'precompile', 'compile', 'postcompile' ]
5 info lifecycle rerender@0.0.3~precompile: rerender@0.0.3
6 silly lifecycle rerender@0.0.3~precompile: no script for precompile, continuing
7 info lifecycle rerender@0.0.3~compile: rerender@0.0.3
8 verbose lifecycle rerender@0.0.3~compile: unsafe-perm in lifecycle true
9 verbose lifecycle rerender@0.0.3~compile: PATH: /usr/local/lib/node_modules/npm/bin/node-gyp-bin:/Users/vasiliy/work/rerender/node_modules/.bin:/usr/local/bin:/Users/vasiliy/bin:/usr/local/share/npm/bin:/Users/vasiliy/node_modules/.bin:./node_modules/.bin:/usr/local/bin:/usr/bin:/bin:/usr/sbin:/sbin:/Users/vasiliy/bin:/usr/local/share/npm/bin:/Users/vasiliy/node_modules/.bin:./node_modules/.bin
10 verbose lifecycle rerender@0.0.3~compile: CWD: /Users/vasiliy/work/rerender
11 silly lifecycle rerender@0.0.3~compile: Args: [ '-c', 'babel --presets es2015 -d lib/ src/' ]
12 silly lifecycle rerender@0.0.3~compile: Returned: code: 1  signal: null
13 info lifecycle rerender@0.0.3~compile: Failed to exec compile script
14 verbose stack Error: rerender@0.0.3 compile: `babel --presets es2015 -d lib/ src/`
14 verbose stack Exit status 1
14 verbose stack     at EventEmitter.<anonymous> (/usr/local/lib/node_modules/npm/lib/utils/lifecycle.js:245:16)
14 verbose stack     at emitTwo (events.js:106:13)
14 verbose stack     at EventEmitter.emit (events.js:191:7)
14 verbose stack     at ChildProcess.<anonymous> (/usr/local/lib/node_modules/npm/lib/utils/spawn.js:24:14)
14 verbose stack     at emitTwo (events.js:106:13)
14 verbose stack     at ChildProcess.emit (events.js:191:7)
14 verbose stack     at maybeClose (internal/child_process.js:852:16)
14 verbose stack     at Process.ChildProcess._handle.onexit (internal/child_process.js:215:5)
15 verbose pkgid rerender@0.0.3
16 verbose cwd /Users/vasiliy/work/rerender
17 error Darwin 15.6.0
18 error argv "/usr/local/bin/node" "/usr/local/bin/npm" "run" "compile"
19 error node v6.2.2
20 error npm  v3.9.5
21 error code ELIFECYCLE
22 error rerender@0.0.3 compile: `babel --presets es2015 -d lib/ src/`
22 error Exit status 1
23 error Failed at the rerender@0.0.3 compile script 'babel --presets es2015 -d lib/ src/'.
23 error Make sure you have the latest version of node.js and npm installed.
23 error If you do, this is most likely a problem with the rerender package,
23 error not with npm itself.
23 error Tell the author that this fails on your system:
23 error     babel --presets es2015 -d lib/ src/
23 error You can get information on how to open an issue for this project with:
23 error     npm bugs rerender
23 error Or if that isn't available, you can get their info via:
23 error     npm owner ls rerender
23 error There is likely additional logging output above.
24 verbose exit [ 1, true ]
